2016-03-08 08:43:40 Error: [PDOException] SQLSTATE[HY000] [1045] Access denied for user 'cakeuser'@'localhost' (using password: YES)
Stack Trace:
#0 C:\xampp\htdocs\cakeaddict\vendor\cakephp\cakephp\src\Database\Driver\PDODriverTrait.php(48): PDO->__construct('mysql:host=loca...', 'cakeuser', ':@Lasrom@:', Array)
#1 C:\xampp\htdocs\cakeaddict\vendor\cakephp\cakephp\src\Database\Driver\Mysql.php(89): Cake\Database\Driver\Mysql->_connect('mysql:host=loca...', Array)
#2 C:\xampp\htdocs\cakeaddict\vendor\cakephp\cakephp\src\Database\Schema\BaseSchema.php(46): Cake\Database\Driver\Mysql->connect()
#3 C:\xampp\htdocs\cakeaddict\vendor\cakephp\cakephp\src\Database\Dialect\MysqlDialectTrait.php(62): Cake\Database\Schema\BaseSchema->__construct(Object(Cake\Database\Driver\Mysql))
#4 C:\xampp\htdocs\cakeaddict\vendor\cakephp\cakephp\src\Database\Schema\Collection.php(52): Cake\Database\Driver\Mysql->schemaDialect()
#5 C:\xampp\htdocs\cakeaddict\vendor\cakephp\cakephp\src\Database\Schema\CachedCollection.php(44): Cake\Database\Schema\Collection->__construct(Object(Cake\Database\Connection))
#6 C:\xampp\htdocs\cakeaddict\vendor\cakephp\cakephp\src\Database\Connection.php(319): Cake\Database\Schema\CachedCollection->__construct(Object(Cake\Database\Connection), true)
#7 C:\xampp\htdocs\cakeaddict\vendor\cakephp\bake\src\Shell\Task\ModelTask.php(827): Cake\Database\Connection->schemaCollection()
#8 C:\xampp\htdocs\cakeaddict\vendor\cakephp\bake\src\Shell\Task\ModelTask.php(792): Bake\Shell\Task\ModelTask->_getAllTables()
#9 C:\xampp\htdocs\cakeaddict\vendor\cakephp\bake\src\Shell\Task\ModelTask.php(806): Bake\Shell\Task\ModelTask->listAll()
#10 C:\xampp\htdocs\cakeaddict\vendor\cakephp\bake\src\Shell\BakeShell.php(228): Bake\Shell\Task\ModelTask->listUnskipped()
#11 [internal function]: Bake\Shell\BakeShell->all()
#12 C:\xampp\htdocs\cakeaddict\vendor\cakephp\cakephp\src\Console\Shell.php(380): call_user_func_array(Array, Array)
#13 C:\xampp\htdocs\cakeaddict\vendor\cakephp\cakephp\src\Console\ShellDispatcher.php(204): Cake\Console\Shell->runCommand(Array, true)
#14 C:\xampp\htdocs\cakeaddict\vendor\cakephp\cakephp\src\Console\ShellDispatcher.php(175): Cake\Console\ShellDispatcher->_dispatch()
#15 C:\xampp\htdocs\cakeaddict\vendor\cakephp\cakephp\src\Console\ShellDispatcher.php(126): Cake\Console\ShellDispatcher->dispatch()
#16 C:\xampp\htdocs\cakeaddict\bin\cake.php(33): Cake\Console\ShellDispatcher::run(Array)
#17 {main}


2016-03-08 09:02:12 Error: [Cake\Database\Exception] SQLSTATE[42S02]: Base table or view not found: 1146 Table 'cakedb.customers' doesn't exist
Stack Trace:
#0 C:\xampp\htdocs\cakeaddict\vendor\cakephp\cakephp\src\Database\Schema\Collection.php(96): Cake\Database\Schema\Collection->_reflect('Column', 'customers', Array, Object(Cake\Database\Schema\Table))
#1 C:\xampp\htdocs\cakeaddict\vendor\cakephp\cakephp\src\Database\Schema\CachedCollection.php(65): Cake\Database\Schema\Collection->describe('customers', Array)
#2 C:\xampp\htdocs\cakeaddict\vendor\cakephp\cakephp\src\ORM\Table.php(426): Cake\Database\Schema\CachedCollection->describe('customers')
#3 C:\xampp\htdocs\cakeaddict\vendor\cakephp\cakephp\src\ORM\Table.php(502): Cake\ORM\Table->schema()
#4 C:\xampp\htdocs\cakeaddict\vendor\cakephp\bake\src\Shell\Task\ModelTask.php(192): Cake\ORM\Table->primaryKey()
#5 C:\xampp\htdocs\cakeaddict\vendor\cakephp\bake\src\Shell\Task\ModelTask.php(110): Bake\Shell\Task\ModelTask->getAssociations(Object(Cake\ORM\Table))
#6 C:\xampp\htdocs\cakeaddict\vendor\cakephp\bake\src\Shell\Task\ModelTask.php(96): Bake\Shell\Task\ModelTask->bake('Customers')
#7 C:\xampp\htdocs\cakeaddict\vendor\cakephp\bake\src\Shell\BakeShell.php(250): Bake\Shell\Task\ModelTask->main('Customers')
#8 C:\xampp\htdocs\cakeaddict\vendor\cakephp\cakephp\src\Collection\CollectionTrait.php(52): Bake\Shell\BakeShell->Bake\Shell\{closure}('customers', 0)
#9 C:\xampp\htdocs\cakeaddict\vendor\cakephp\bake\src\Shell\BakeShell.php(253): Cake\Collection\Collection->each(Object(Closure))
#10 [internal function]: Bake\Shell\BakeShell->all('customers')
#11 C:\xampp\htdocs\cakeaddict\vendor\cakephp\cakephp\src\Console\Shell.php(380): call_user_func_array(Array, Array)
#12 C:\xampp\htdocs\cakeaddict\vendor\cakephp\cakephp\src\Console\ShellDispatcher.php(204): Cake\Console\Shell->runCommand(Array, true)
#13 C:\xampp\htdocs\cakeaddict\vendor\cakephp\cakephp\src\Console\ShellDispatcher.php(175): Cake\Console\ShellDispatcher->_dispatch()
#14 C:\xampp\htdocs\cakeaddict\vendor\cakephp\cakephp\src\Console\ShellDispatcher.php(126): Cake\Console\ShellDispatcher->dispatch()
#15 C:\xampp\htdocs\cakeaddict\bin\cake.php(33): Cake\Console\ShellDispatcher::run(Array)
#16 {main}


2016-04-16 08:52:46 Error: [Cake\Database\Exception] SQLSTATE[42S02]: Base table or view not found: 1146 Table 'cakedb.biscuit' doesn't exist
Stack Trace:
#0 C:\xampp\htdocs\cakeaddict\vendor\cakephp\cakephp\src\Database\Schema\Collection.php(96): Cake\Database\Schema\Collection->_reflect('Column', 'biscuit', Array, Object(Cake\Database\Schema\Table))
#1 C:\xampp\htdocs\cakeaddict\vendor\cakephp\cakephp\src\Database\Schema\CachedCollection.php(65): Cake\Database\Schema\Collection->describe('biscuit', Array)
#2 C:\xampp\htdocs\cakeaddict\vendor\cakephp\cakephp\src\ORM\Table.php(426): Cake\Database\Schema\CachedCollection->describe('biscuit')
#3 C:\xampp\htdocs\cakeaddict\vendor\cakephp\cakephp\src\ORM\Table.php(502): Cake\ORM\Table->schema()
#4 C:\xampp\htdocs\cakeaddict\vendor\cakephp\bake\src\Shell\Task\ModelTask.php(192): Cake\ORM\Table->primaryKey()
#5 C:\xampp\htdocs\cakeaddict\vendor\cakephp\bake\src\Shell\Task\ModelTask.php(110): Bake\Shell\Task\ModelTask->getAssociations(Object(Cake\ORM\Table))
#6 C:\xampp\htdocs\cakeaddict\vendor\cakephp\bake\src\Shell\Task\ModelTask.php(96): Bake\Shell\Task\ModelTask->bake('Biscuit')
#7 C:\xampp\htdocs\cakeaddict\vendor\cakephp\bake\src\Shell\BakeShell.php(250): Bake\Shell\Task\ModelTask->main('Biscuit')
#8 C:\xampp\htdocs\cakeaddict\vendor\cakephp\cakephp\src\Collection\CollectionTrait.php(52): Bake\Shell\BakeShell->Bake\Shell\{closure}('biscuit', 0)
#9 C:\xampp\htdocs\cakeaddict\vendor\cakephp\bake\src\Shell\BakeShell.php(253): Cake\Collection\Collection->each(Object(Closure))
#10 [internal function]: Bake\Shell\BakeShell->all('biscuit')
#11 C:\xampp\htdocs\cakeaddict\vendor\cakephp\cakephp\src\Console\Shell.php(380): call_user_func_array(Array, Array)
#12 C:\xampp\htdocs\cakeaddict\vendor\cakephp\cakephp\src\Console\ShellDispatcher.php(204): Cake\Console\Shell->runCommand(Array, true)
#13 C:\xampp\htdocs\cakeaddict\vendor\cakephp\cakephp\src\Console\ShellDispatcher.php(175): Cake\Console\ShellDispatcher->_dispatch()
#14 C:\xampp\htdocs\cakeaddict\vendor\cakephp\cakephp\src\Console\ShellDispatcher.php(126): Cake\Console\ShellDispatcher->dispatch()
#15 C:\xampp\htdocs\cakeaddict\bin\cake.php(33): Cake\Console\ShellDispatcher::run(Array)
#16 {main}


